TN:
SF:F:/unity/Unity-Project-clean-init-wr3-coverage/coursework/Assets/Scripts/UI/BattleUI.cs
FN:35,SelectedCard()
FN:35,SelectedCard(TacticalCards.CardData)
FN:36,IsBattleOver()
FN:43,Initialize(TacticalCards.TurnManager, TacticalCards.DeckManager, TacticalCards.CardResolver, TacticalCards.GridManager)
FN:55,Update()
FN:60,Refresh()
FN:96,SelectCard(TacticalCards.CardData)
FN:131,ClearSelectedCard()
FN:139,TryPlayCardOnTile(TacticalCards.UnitController, TacticalCards.TileView)
FN:187,TryPlayCardOnUnit(TacticalCards.UnitController, TacticalCards.UnitController)
FN:235,CanPlayTileCard(TacticalCards.UnitController, TacticalCards.TileView)
FN:258,CanPlayUnitCard(TacticalCards.UnitController, TacticalCards.UnitController)
FN:276,GetInvalidUnitTargetMessage(TacticalCards.UnitController)
FN:311,HandleWorldClick()
FN:363,OnGUI()
FN:371,GetLogPanelRect()
FN:380,GetTopBarRect()
FN:385,GetHandPanelRect()
FN:392,DrawTopBar()
FN:432,DrawLogPanel()
FN:452,DrawHandBar()
FN:492,DrawCardButton(TacticalCards.CardData, UnityEngine.Rect)
FN:517,GetCardDescription(TacticalCards.CardData)
FN:534,GetCardStats(TacticalCards.CardData)
FN:544,GetCompactCardDescription(TacticalCards.CardData)
FN:556,GetCardTint(TacticalCards.CardData, System.Boolean)
FN:576,AddLog(System.String)
FN:590,GetTurnLabel()
FN:605,HandlePlayerUnitSelected(TacticalCards.UnitController)
FN:618,BuildSelectionLogMessage(TacticalCards.UnitController)
FN:629,GetSelectionStatusMessage()
FN:651,GetNextStepMessage()
FN:667,GetIdleStatusMessage()
FN:672,GetEndTurnStatusMessage()
FN:690,ApplyBattleOutcomeStatus(System.Boolean)
FN:706,DrawActionLog()
FN:720,DrawUnitSnapshot()
FN:739,DrawUnitLine(TacticalCards.UnitController)
FN:750,EnsureStyles()
FN:9,BattleUI()
FNDA:185,SelectedCard()
FNDA:185,SelectedCard(TacticalCards.CardData)
FNDA:92,IsBattleOver()
FNDA:21,Initialize(TacticalCards.TurnManager, TacticalCards.DeckManager, TacticalCards.CardResolver, TacticalCards.GridManager)
FNDA:1,Update()
FNDA:47,Refresh()
FNDA:16,SelectCard(TacticalCards.CardData)
FNDA:1,ClearSelectedCard()
FNDA:2,TryPlayCardOnTile(TacticalCards.UnitController, TacticalCards.TileView)
FNDA:4,TryPlayCardOnUnit(TacticalCards.UnitController, TacticalCards.UnitController)
FNDA:4,CanPlayTileCard(TacticalCards.UnitController, TacticalCards.TileView)
FNDA:5,CanPlayUnitCard(TacticalCards.UnitController, TacticalCards.UnitController)
FNDA:8,GetInvalidUnitTargetMessage(TacticalCards.UnitController)
FNDA:1,HandleWorldClick()
FNDA:0,OnGUI()
FNDA:1,GetLogPanelRect()
FNDA:1,GetTopBarRect()
FNDA:1,GetHandPanelRect()
FNDA:0,DrawTopBar()
FNDA:0,DrawLogPanel()
FNDA:0,DrawHandBar()
FNDA:0,DrawCardButton(TacticalCards.CardData, UnityEngine.Rect)
FNDA:5,GetCardDescription(TacticalCards.CardData)
FNDA:3,GetCardStats(TacticalCards.CardData)
FNDA:3,GetCompactCardDescription(TacticalCards.CardData)
FNDA:3,GetCardTint(TacticalCards.CardData, System.Boolean)
FNDA:60,AddLog(System.String)
FNDA:4,GetTurnLabel()
FNDA:1,HandlePlayerUnitSelected(TacticalCards.UnitController)
FNDA:1,BuildSelectionLogMessage(TacticalCards.UnitController)
FNDA:22,GetSelectionStatusMessage()
FNDA:16,GetNextStepMessage()
FNDA:1,GetIdleStatusMessage()
FNDA:3,GetEndTurnStatusMessage()
FNDA:2,ApplyBattleOutcomeStatus(System.Boolean)
FNDA:0,DrawActionLog()
FNDA:0,DrawUnitSnapshot()
FNDA:0,DrawUnitLine(TacticalCards.UnitController)
FNDA:0,EnsureStyles()
FNDA:23,BattleUI()
FNF:40
FNH:31
BRF:0
BRH:0
DA:9,23
DA:10,23
DA:11,23
DA:12,23
DA:13,23
DA:14,23
DA:15,23
DA:23,23
DA:26,23
DA:35,185
DA:36,92
DA:43,21
DA:44,21
DA:45,21
DA:46,21
DA:47,21
DA:48,21
DA:49,21
DA:50,21
DA:51,21
DA:52,21
DA:55,1
DA:56,1
DA:57,1
DA:60,47
DA:61,47
DA:62,1
DA:63,1
DA:66,46
DA:68,46
DA:69,3
DA:70,3
DA:73,43
DA:74,25
DA:75,25
DA:78,18
DA:79,15
DA:80,15
DA:83,4
DA:84,4
DA:87,11
DA:88,11
DA:90,15
DA:92,18
DA:93,47
DA:96,16
DA:97,16
DA:98,1
DA:99,1
DA:100,1
DA:101,1
DA:104,15
DA:106,15
DA:107,4
DA:108,4
DA:109,4
DA:110,4
DA:111,4
DA:114,11
DA:115,0
DA:116,0
DA:117,0
DA:118,0
DA:119,0
DA:120,0
DA:122,0
DA:125,11
DA:126,11
DA:127,11
DA:128,16
DA:131,1
DA:132,1
DA:133,1
DA:134,1
DA:135,1
DA:136,1
DA:139,2
DA:140,2
DA:141,0
DA:142,0
DA:145,2
DA:146,1
DA:147,1
DA:148,1
DA:149,1
DA:150,1
DA:153,1
DA:154,1
DA:155,1
DA:156,1
DA:157,1
DA:158,1
DA:161,0
DA:162,0
DA:163,0
DA:164,0
DA:165,0
DA:166,0
DA:167,0
DA:168,0
DA:171,0
DA:172,0
DA:173,0
DA:174,0
DA:175,0
DA:176,0
DA:177,0
DA:178,0
DA:179,0
DA:180,0
DA:182,0
DA:183,0
DA:184,2
DA:187,4
DA:188,4
DA:189,0
DA:190,0
DA:193,4
DA:194,1
DA:195,1
DA:196,1
DA:197,1
DA:198,1
DA:201,3
DA:202,1
DA:203,1
DA:204,1
DA:205,1
DA:206,1
DA:209,2
DA:210,2
DA:211,2
DA:212,0
DA:213,0
DA:214,0
DA:215,0
DA:216,0
DA:219,2
DA:220,2
DA:221,2
DA:222,2
DA:223,2
DA:224,2
DA:225,2
DA:226,1
DA:227,1
DA:228,1
DA:230,2
DA:231,2
DA:232,4
DA:235,4
DA:236,4
DA:237,1
DA:238,1
DA:241,3
DA:242,1
DA:243,1
DA:246,13
DA:247,4
DA:248,4
DA:249,1
DA:250,1
DA:252,3
DA:254,1
DA:255,4
DA:258,5
DA:259,5
DA:260,1
DA:261,1
DA:264,41
DA:265,16
DA:266,16
DA:267,3
DA:268,3
DA:270,13
DA:272,1
DA:273,5
DA:276,8
DA:277,8
DA:278,1
DA:279,1
DA:282,7
DA:283,1
DA:284,1
DA:287,6
DA:288,1
DA:289,1
DA:292,5
DA:293,1
DA:294,1
DA:297,4
DA:298,2
DA:299,2
DA:302,2
DA:304,1
DA:305,1
DA:306,0
DA:308,8
DA:311,1
DA:312,1
DA:313,0
DA:314,0
DA:317,1
DA:318,1
DA:319,1
DA:320,1
DA:323,0
DA:324,0
DA:325,0
DA:326,0
DA:329,0
DA:330,0
DA:331,0
DA:332,0
DA:333,0
DA:334,0
DA:335,0
DA:338,0
DA:339,0
DA:340,0
DA:341,0
DA:342,0
DA:343,0
DA:344,0
DA:345,0
DA:347,0
DA:348,0
DA:349,0
DA:350,0
DA:352,0
DA:355,0
DA:356,0
DA:357,0
DA:358,0
DA:359,0
DA:360,1
DA:363,0
DA:364,0
DA:365,0
DA:366,0
DA:367,0
DA:368,0
DA:371,1
DA:372,1
DA:373,1
DA:374,1
DA:375,1
DA:376,1
DA:377,1
DA:380,1
DA:381,1
DA:382,1
DA:385,1
DA:386,1
DA:387,1
DA:388,1
DA:389,1
DA:392,0
DA:393,0
DA:394,0
DA:396,0
DA:397,0
DA:400,0
DA:404,0
DA:405,0
DA:407,0
DA:408,0
DA:409,0
DA:410,0
DA:411,0
DA:412,0
DA:413,0
DA:414,0
DA:416,0
DA:417,0
DA:418,0
DA:419,0
DA:420,0
DA:421,0
DA:422,0
DA:423,0
DA:424,0
DA:425,0
DA:426,0
DA:428,0
DA:429,0
DA:432,0
DA:433,0
DA:434,0
DA:436,0
DA:437,0
DA:438,0
DA:439,0
DA:440,0
DA:441,0
DA:442,0
DA:443,0
DA:444,0
DA:445,0
DA:446,0
DA:447,0
DA:448,0
DA:449,0
DA:452,0
DA:453,0
DA:454,0
DA:456,0
DA:458,0
DA:459,0
DA:460,0
DA:461,0
DA:464,0
DA:465,0
DA:466,0
DA:467,0
DA:468,0
DA:471,0
DA:472,0
DA:473,0
DA:474,0
DA:476,0
DA:477,0
DA:478,0
DA:479,0
DA:480,0
DA:481,0
DA:484,0
DA:485,0
DA:486,0
DA:488,0
DA:489,0
DA:492,0
DA:493,0
DA:494,0
DA:495,0
DA:496,0
DA:497,0
DA:498,0
DA:499,0
DA:500,0
DA:501,0
DA:502,0
DA:503,0
DA:505,0
DA:506,0
DA:507,0
DA:508,0
DA:510,0
DA:511,0
DA:512,0
DA:513,0
DA:514,0
DA:517,5
DA:518,5
DA:519,2
DA:520,2
DA:523,3
DA:525,1
DA:526,1
DA:527,1
DA:528,0
DA:529,0
DA:531,5
DA:534,3
DA:535,3
DA:537,1
DA:538,1
DA:539,1
DA:541,3
DA:544,3
DA:545,3
DA:547,0
DA:548,0
DA:549,1
DA:550,1
DA:551,1
DA:553,3
DA:556,3
DA:557,3
DA:559,0
DA:560,1
DA:561,0
DA:562,1
DA:563,1
DA:566,3
DA:567,1
DA:568,1
DA:569,1
DA:571,3
DA:572,3
DA:573,3
DA:576,60
DA:577,60
DA:578,1
DA:579,1
DA:582,59
DA:583,59
DA:584,3
DA:585,3
DA:586,3
DA:587,60
DA:590,4
DA:591,4
DA:592,1
DA:593,1
DA:596,3
DA:597,2
DA:598,2
DA:601,1
DA:602,4
DA:605,1
DA:606,1
DA:607,0
DA:608,0
DA:611,1
DA:612,1
DA:613,1
DA:614,1
DA:615,1
DA:618,1
DA:619,1
DA:620,1
DA:621,0
DA:622,0
DA:625,1
DA:626,1
DA:629,22
DA:630,22
DA:631,1
DA:632,1
DA:635,21
DA:636,6
DA:637,6
DA:642,15
DA:643,3
DA:644,3
DA:647,12
DA:648,22
DA:651,16
DA:652,16
DA:653,1
DA:654,1
DA:657,15
DA:659,3
DA:660,11
DA:661,1
DA:662,0
DA:664,16
DA:667,1
DA:668,1
DA:669,1
DA:672,3
DA:673,3
DA:674,1
DA:675,1
DA:678,2
DA:679,1
DA:680,1
DA:683,1
DA:686,1
DA:687,3
DA:690,2
DA:691,2
DA:692,0
DA:693,0
DA:696,2
DA:697,2
DA:698,2
DA:699,2
DA:700,1
DA:701,1
DA:702,1
DA:703,2
DA:706,0
DA:707,0
DA:708,0
DA:709,0
DA:710,0
DA:713,0
DA:714,0
DA:715,0
DA:716,0
DA:717,0
DA:720,0
DA:721,0
DA:722,0
DA:723,0
DA:724,0
DA:727,0
DA:728,0
DA:729,0
DA:730,0
DA:732,0
DA:733,0
DA:734,0
DA:735,0
DA:736,0
DA:739,0
DA:740,0
DA:741,0
DA:742,0
DA:745,0
DA:746,0
DA:747,0
DA:750,0
DA:751,0
DA:752,0
DA:753,0
DA:756,0
DA:764,0
DA:771,0
DA:784,0
DA:785,0
DA:787,0
DA:793,0
DA:802,0
DA:809,0
LH:291
LF:517
end_of_record
SF:F:/unity/Unity-Project-clean-init-wr3-coverage/coursework/Assets/Scripts/UI/CardButtonView.cs
FN:14,Bind(TacticalCards.CardData, TacticalCards.BattleUI)
FN:27,HandleClick()
FNDA:1,Bind(TacticalCards.CardData, TacticalCards.BattleUI)
FNDA:1,HandleClick()
FNF:2
FNH:2
BRF:0
BRH:0
DA:14,1
DA:15,1
DA:16,1
DA:17,1
DA:19,1
DA:20,1
DA:21,1
DA:22,1
DA:23,1
DA:24,1
DA:27,1
DA:28,1
DA:29,1
LH:13
LF:13
end_of_record
SF:F:/unity/Unity-Project-clean-init-wr3-coverage/coursework/Assets/Scripts/Cards/CardData.cs
FN:17,Id()
FN:18,CardName()
FN:19,CardType()
FN:20,TargetType()
FN:21,Range()
FN:22,Power()
FN:23,MoveDistance()
FN:24,Description()
FN:35,CreateRuntime(System.String, System.String, TacticalCards.CardType, TacticalCards.TargetType, System.Int32, System.Int32, System.Int32, System.String)
FN:12,CardData()
FNDA:0,Id()
FNDA:21,CardName()
FNDA:45,CardType()
FNDA:25,TargetType()
FNDA:18,Range()
FNDA:7,Power()
FNDA:9,MoveDistance()
FNDA:7,Description()
FNDA:212,CreateRuntime(System.String, System.String, TacticalCards.CardType, TacticalCards.TargetType, System.Int32, System.Int32, System.Int32, System.String)
FNDA:212,CardData()
FNF:10
FNH:9
BRF:0
BRH:0
DA:12,212
DA:13,212
DA:14,212
DA:17,0
DA:18,21
DA:19,45
DA:20,25
DA:21,18
DA:22,7
DA:23,9
DA:24,7
DA:35,212
DA:36,212
DA:37,212
DA:38,212
DA:39,212
DA:40,212
DA:41,212
DA:42,212
DA:43,212
DA:44,212
DA:45,212
DA:46,212
LH:22
LF:23
end_of_record
SF:F:/unity/Unity-Project-clean-init-wr3-coverage/coursework/Assets/Scripts/Cards/CardResolver.cs
FN:11,Initialize(TacticalCards.GridManager)
FN:16,GetValidTiles(TacticalCards.CardData, TacticalCards.UnitController)
FN:32,ResolveTileCard(TacticalCards.CardData, TacticalCards.UnitController, TacticalCards.TileView)
FN:47,ResolveUnitCard(TacticalCards.CardData, TacticalCards.UnitController, TacticalCards.UnitController)
FN:67,ResolveStrike(TacticalCards.CardData, TacticalCards.UnitController)
FN:74,ResolveGuard(TacticalCards.UnitController)
FN:80,ResolvePush(TacticalCards.CardData, TacticalCards.UnitController, TacticalCards.UnitController)
FN:100,ClearTargetOccupancyIfDead(TacticalCards.UnitController)
FNDA:28,Initialize(TacticalCards.GridManager)
FNDA:7,GetValidTiles(TacticalCards.CardData, TacticalCards.UnitController)
FNDA:2,ResolveTileCard(TacticalCards.CardData, TacticalCards.UnitController, TacticalCards.TileView)
FNDA:5,ResolveUnitCard(TacticalCards.CardData, TacticalCards.UnitController, TacticalCards.UnitController)
FNDA:3,ResolveStrike(TacticalCards.CardData, TacticalCards.UnitController)
FNDA:1,ResolveGuard(TacticalCards.UnitController)
FNDA:1,ResolvePush(TacticalCards.CardData, TacticalCards.UnitController, TacticalCards.UnitController)
FNDA:3,ClearTargetOccupancyIfDead(TacticalCards.UnitController)
FNF:8
FNH:8
BRF:0
BRH:0
DA:11,28
DA:12,28
DA:13,28
DA:16,7
DA:17,7
DA:18,0
DA:19,0
DA:22,7
DA:24,3
DA:25,3
DA:26,1
DA:27,0
DA:29,7
DA:32,2
DA:33,2
DA:34,0
DA:35,0
DA:38,2
DA:40,2
DA:41,1
DA:42,0
DA:44,2
DA:47,5
DA:48,5
DA:49,0
DA:50,0
DA:53,5
DA:54,1
DA:55,1
DA:58,4
DA:60,3
DA:61,1
DA:62,0
DA:64,5
DA:67,3
DA:68,3
DA:69,3
DA:70,3
DA:71,3
DA:74,1
DA:75,1
DA:76,1
DA:77,1
DA:80,1
DA:81,1
DA:82,1
DA:83,0
DA:84,0
DA:85,0
DA:88,1
DA:89,1
DA:90,1
DA:91,0
DA:92,0
DA:95,1
DA:96,1
DA:97,1
DA:100,3
DA:101,3
DA:102,2
DA:103,2
DA:104,2
DA:105,3
LH:49
LF:63
end_of_record
SF:F:/unity/Unity-Project-clean-init-wr3-coverage/coursework/Assets/Scripts/Cards/DeckManager.cs
FN:15,Hand()
FN:16,CardsDrawnPerTurn()
FN:19,Awake()
FN:24,ResetDeck()
FN:41,DrawForTurn()
FN:46,Draw(System.Int32)
FN:66,DiscardFromHand(TacticalCards.CardData)
FN:74,DiscardHand()
FN:84,ReshuffleDiscardIntoDrawPile()
FN:96,Shuffle(System.Collections.Generic.List[CardData])
FN:105,CreateFallbackDeck()
FN:8,DeckManager()
FNDA:9,Hand()
FNDA:1,CardsDrawnPerTurn()
FNDA:1,Awake()
FNDA:29,ResetDeck()
FNDA:23,DrawForTurn()
FNDA:26,Draw(System.Int32)
FNDA:3,DiscardFromHand(TacticalCards.CardData)
FNDA:22,DiscardHand()
FNDA:2,ReshuffleDiscardIntoDrawPile()
FNDA:30,Shuffle(System.Collections.Generic.List[CardData])
FNDA:25,CreateFallbackDeck()
FNDA:28,DeckManager()
FNF:12
FNH:12
BRF:0
BRH:0
DA:8,28
DA:9,28
DA:11,28
DA:12,28
DA:13,28
DA:15,9
DA:16,1
DA:19,1
DA:20,1
DA:21,1
DA:24,29
DA:25,29
DA:26,29
DA:27,29
DA:28,29
DA:29,25
DA:30,25
DA:31,25
DA:33,4
DA:34,4
DA:35,4
DA:37,29
DA:38,29
DA:41,23
DA:42,23
DA:43,23
DA:46,26
DA:47,190
DA:48,70
DA:49,70
DA:50,2
DA:51,2
DA:52,2
DA:54,70
DA:55,1
DA:56,1
DA:59,69
DA:60,69
DA:61,69
DA:62,69
DA:63,26
DA:66,3
DA:67,3
DA:68,1
DA:69,1
DA:70,1
DA:71,3
DA:74,22
DA:75,25
DA:76,3
DA:77,3
DA:78,3
DA:79,3
DA:80,3
DA:81,22
DA:84,2
DA:85,2
DA:86,1
DA:87,1
DA:90,1
DA:91,1
DA:92,1
DA:93,2
DA:96,30
DA:97,376
DA:98,158
DA:99,158
DA:100,158
DA:101,158
DA:102,30
DA:105,25
DA:106,25
DA:116,25
LH:73
LF:73
end_of_record
SF:F:/unity/Unity-Project-clean-init-wr3-coverage/coursework/Assets/Scripts/Units/EnemyAI.cs
FN:9,FindNearestPlayer(TacticalCards.UnitController, System.Collections.Generic.List[UnitController])
FN:32,GetStepToward(TacticalCards.UnitController, TacticalCards.UnitController)
FN:44,ManhattanDistance(UnityEngine.Vector2Int, UnityEngine.Vector2Int)
FNDA:2,FindNearestPlayer(TacticalCards.UnitController, System.Collections.Generic.List[UnitController])
FNDA:2,GetStepToward(TacticalCards.UnitController, TacticalCards.UnitController)
FNDA:5,ManhattanDistance(UnityEngine.Vector2Int, UnityEngine.Vector2Int)
FNF:3
FNH:3
BRF:0
BRH:0
DA:9,2
DA:10,2
DA:11,2
DA:13,14
DA:14,4
DA:15,4
DA:16,1
DA:17,1
DA:20,3
DA:21,3
DA:22,3
DA:23,3
DA:24,3
DA:25,3
DA:26,3
DA:28,2
DA:29,2
DA:32,2
DA:33,2
DA:35,2
DA:36,1
DA:37,1
DA:40,1
DA:41,2
DA:44,5
DA:45,5
DA:46,5
LH:27
LF:27
end_of_record
SF:F:/unity/Unity-Project-clean-init-wr3-coverage/coursework/Assets/Scripts/Core/GameRoot.cs
FN:16,Awake()
FN:31,Start()
FNDA:4,Awake()
FNDA:2,Start()
FNF:2
FNH:2
BRF:0
BRH:0
DA:16,4
DA:17,4
DA:18,4
DA:19,4
DA:20,4
DA:21,4
DA:22,4
DA:24,4
DA:25,2
DA:26,2
DA:27,2
DA:28,4
DA:31,2
DA:32,2
DA:33,2
DA:34,2
DA:36,14
DA:37,4
DA:38,4
DA:39,0
DA:40,0
DA:43,4
DA:44,4
DA:45,4
DA:46,4
DA:48,2
DA:49,2
DA:50,2
DA:51,2
LH:27
LF:29
end_of_record
SF:F:/unity/Unity-Project-clean-init-wr3-coverage/coursework/Assets/Scripts/Grid/GridManager.cs
FN:18,Width()
FN:19,Height()
FN:22,Start()
FN:30,GenerateGrid()
FN:49,CoordToWorld(UnityEngine.Vector2Int)
FN:54,IsInBounds(UnityEngine.Vector2Int)
FN:59,GetTile(UnityEngine.Vector2Int)
FN:65,TryPlaceUnit(TacticalCards.UnitController, UnityEngine.Vector2Int)
FN:78,TryMoveUnit(TacticalCards.UnitController, UnityEngine.Vector2Int)
FN:93,TryPushUnit(TacticalCards.UnitController, UnityEngine.Vector2Int)
FN:104,ClearOccupancy(TacticalCards.UnitController)
FN:115,GetNeighbors(UnityEngine.Vector2Int)
FN:137,GetTilesInRange(UnityEngine.Vector2Int, System.Int32, System.Boolean)
FN:181,HighlightMoveRange(UnityEngine.Vector2Int, System.Int32)
FN:192,HighlightAttackRange(UnityEngine.Vector2Int, System.Int32)
FN:203,ClearHighlights()
FN:213,EnsureTileRoot()
FN:225,CreateTile(UnityEngine.Vector3)
FN:240,ClearGrid()
FN:10,GridManager()
FNDA:1,Width()
FNDA:1,Height()
FNDA:0,Start()
FNDA:35,GenerateGrid()
FNDA:1242,CoordToWorld(UnityEngine.Vector2Int)
FNDA:550,IsInBounds(UnityEngine.Vector2Int)
FNDA:209,GetTile(UnityEngine.Vector2Int)
FNDA:52,TryPlaceUnit(TacticalCards.UnitController, UnityEngine.Vector2Int)
FNDA:3,TryMoveUnit(TacticalCards.UnitController, UnityEngine.Vector2Int)
FNDA:2,TryPushUnit(TacticalCards.UnitController, UnityEngine.Vector2Int)
FNDA:2,ClearOccupancy(TacticalCards.UnitController)
FNDA:137,GetNeighbors(UnityEngine.Vector2Int)
FNDA:24,GetTilesInRange(UnityEngine.Vector2Int, System.Int32, System.Boolean)
FNDA:5,HighlightMoveRange(UnityEngine.Vector2Int, System.Int32)
FNDA:11,HighlightAttackRange(UnityEngine.Vector2Int, System.Int32)
FNDA:63,ClearHighlights()
FNDA:35,EnsureTileRoot()
FNDA:1187,CreateTile(UnityEngine.Vector3)
FNDA:35,ClearGrid()
FNDA:38,GridManager()
FNF:20
FNH:19
BRF:0
BRH:0
DA:10,38
DA:11,38
DA:12,38
DA:13,38
DA:15,38
DA:16,38
DA:18,1
DA:19,1
DA:22,0
DA:23,0
DA:24,0
DA:25,0
DA:26,0
DA:27,0
DA:30,35
DA:31,35
DA:32,35
DA:34,474
DA:35,202
DA:36,2778
DA:37,1187
DA:38,1187
DA:39,1187
DA:40,1187
DA:41,1187
DA:42,1187
DA:43,1187
DA:44,1187
DA:45,202
DA:46,35
DA:49,1242
DA:50,1242
DA:51,1242
DA:54,550
DA:55,550
DA:56,550
DA:59,209
DA:60,209
DA:61,209
DA:62,209
DA:65,52
DA:66,52
DA:67,52
DA:68,0
DA:69,0
DA:72,52
DA:73,52
DA:74,52
DA:75,52
DA:78,3
DA:79,3
DA:80,3
DA:81,0
DA:82,0
DA:85,3
DA:86,3
DA:87,3
DA:88,3
DA:89,3
DA:90,3
DA:93,2
DA:94,2
DA:95,2
DA:96,1
DA:97,1
DA:100,1
DA:101,2
DA:104,2
DA:105,2
DA:106,0
DA:107,0
DA:110,2
DA:111,2
DA:112,2
DA:115,137
DA:116,137
DA:117,137
DA:125,1507
DA:126,548
DA:127,548
DA:128,499
DA:129,499
DA:130,499
DA:131,548
DA:133,137
DA:134,137
DA:137,24
DA:138,24
DA:139,24
DA:140,24
DA:141,24
DA:143,160
DA:144,136
DA:145,136
DA:146,136
DA:148,1400
DA:149,496
DA:150,496
DA:151,128
DA:152,128
DA:155,368
DA:156,368
DA:157,256
DA:158,256
DA:161,112
DA:162,112
DA:164,112
DA:165,112
DA:166,0
DA:167,0
DA:170,112
DA:171,105
DA:172,105
DA:173,105
DA:174,112
DA:175,136
DA:177,24
DA:178,24
DA:181,5
DA:182,5
DA:184,47
DA:185,16
DA:186,16
DA:187,16
DA:188,16
DA:189,5
DA:192,11
DA:193,11
DA:195,121
DA:196,44
DA:197,44
DA:198,44
DA:199,44
DA:200,11
DA:203,63
DA:204,265
DA:205,38
DA:206,38
DA:207,38
DA:209,63
DA:210,63
DA:213,35
DA:214,35
DA:215,0
DA:216,0
DA:219,35
DA:220,35
DA:221,35
DA:222,35
DA:225,1187
DA:226,1187
DA:227,0
DA:228,0
DA:231,1187
DA:232,1187
DA:233,1187
DA:234,1187
DA:235,1187
DA:236,1187
DA:237,1187
DA:240,35
DA:241,105
DA:242,0
DA:243,0
DA:244,0
DA:245,0
DA:246,0
DA:247,0
DA:249,35
DA:250,35
DA:251,35
LH:147
LF:171
end_of_record
SF:F:/unity/Unity-Project-clean-init-wr3-coverage/coursework/Assets/Scripts/Grid/TileView.cs
FN:15,Coord()
FN:15,Coord(UnityEngine.Vector2Int)
FN:16,IsOccupied()
FN:17,Occupant()
FN:17,Occupant(TacticalCards.UnitController)
FN:20,Awake()
FN:25,Initialize(UnityEngine.Vector2Int)
FN:31,SetOccupant(TacticalCards.UnitController)
FN:36,ClearOccupant(TacticalCards.UnitController)
FN:44,SetBaseVisual()
FN:49,SetMoveHighlight()
FN:54,SetAttackHighlight()
FN:59,SetSelected()
FN:64,EnsureRenderer()
FN:74,SetColor(UnityEngine.Color)
FN:85,EnsureMaterial()
FN:102,ApplyColor(UnityEngine.Color)
FN:120,ResolveCompatibleShader()
FN:8,TileView()
FNDA:1238,Coord()
FNDA:1238,Coord(UnityEngine.Vector2Int)
FNDA:109,IsOccupied()
FNDA:205,Occupant()
FNDA:205,Occupant(TacticalCards.UnitController)
FNDA:36,Awake()
FNDA:1189,Initialize(UnityEngine.Vector2Int)
FNDA:56,SetOccupant(TacticalCards.UnitController)
FNDA:6,ClearOccupant(TacticalCards.UnitController)
FNDA:1228,SetBaseVisual()
FNDA:17,SetMoveHighlight()
FNDA:45,SetAttackHighlight()
FNDA:19,SetSelected()
FNDA:1345,EnsureRenderer()
FNDA:1309,SetColor(UnityEngine.Color)
FNDA:1345,EnsureMaterial()
FNDA:2498,ApplyColor(UnityEngine.Color)
FNDA:1189,ResolveCompatibleShader()
FNDA:1190,TileView()
FNF:19
FNH:19
BRF:0
BRH:0
DA:8,1190
DA:9,1190
DA:10,1190
DA:11,1190
DA:15,1238
DA:16,109
DA:17,205
DA:20,36
DA:21,36
DA:22,36
DA:25,1189
DA:26,1189
DA:27,1189
DA:28,1189
DA:31,56
DA:32,56
DA:33,56
DA:36,6
DA:37,6
DA:38,6
DA:39,6
DA:40,6
DA:41,6
DA:44,1228
DA:45,1228
DA:46,1228
DA:49,17
DA:50,17
DA:51,17
DA:54,45
DA:55,45
DA:56,45
DA:59,19
DA:60,19
DA:61,19
DA:64,1345
DA:65,1345
DA:66,1189
DA:67,1189
DA:68,1189
DA:70,1345
DA:71,1345
DA:74,1309
DA:75,1309
DA:76,1309
DA:77,0
DA:78,0
DA:81,1309
DA:82,1309
DA:85,1345
DA:86,1345
DA:87,156
DA:88,156
DA:91,1189
DA:92,1189
DA:97,1189
DA:98,1189
DA:99,1345
DA:102,2498
DA:103,2498
DA:104,0
DA:105,0
DA:106,0
DA:108,2498
DA:109,2498
DA:110,2498
DA:111,2498
DA:113,2498
DA:114,2498
DA:115,2498
DA:116,2498
DA:117,2498
DA:120,1189
DA:121,1189
DA:125,1189
LH:70
LF:75
end_of_record
SF:F:/unity/Unity-Project-clean-init-wr3-coverage/coursework/Assets/Scripts/Core/TurnManager.cs
FN:17,IsPlayerTurn()
FN:17,IsPlayerTurn(System.Boolean)
FN:18,RemainingCardPlays()
FN:18,RemainingCardPlays(System.Int32)
FN:19,LastEnemyActionSummary()
FN:19,LastEnemyActionSummary(System.String)
FN:20,BattleEnded()
FN:20,BattleEnded(System.Boolean)
FN:21,WinningTeam()
FN:21,WinningTeam(System.Nullable[TeamType])
FN:22,BattleOutcomeSummary()
FN:22,BattleOutcomeSummary(System.String)
FN:25,Initialize(TacticalCards.DeckManager, TacticalCards.EnemyAI, TacticalCards.GridManager)
FN:38,RegisterUnit(TacticalCards.UnitController)
FN:57,PlayerUnits()
FN:58,EnemyUnits()
FN:61,StartBattle()
FN:74,StartPlayerTurn()
FN:89,TryConsumeCardPlay()
FN:100,EndPlayerTurn()
FN:115,CheckBattleState()
FN:140,RunEnemyTurn()
FN:198,EndBattle(TacticalCards.TeamType, System.String)
FN:8,TurnManager()
FNDA:70,IsPlayerTurn()
FNDA:70,IsPlayerTurn(System.Boolean)
FNDA:70,RemainingCardPlays()
FNDA:70,RemainingCardPlays(System.Int32)
FNDA:91,LastEnemyActionSummary()
FNDA:91,LastEnemyActionSummary(System.String)
FNDA:218,BattleEnded()
FNDA:218,BattleEnded(System.Boolean)
FNDA:65,WinningTeam()
FNDA:65,WinningTeam(System.Nullable[TeamType])
FNDA:96,BattleOutcomeSummary()
FNDA:96,BattleOutcomeSummary(System.String)
FNDA:29,Initialize(TacticalCards.DeckManager, TacticalCards.EnemyAI, TacticalCards.GridManager)
FNDA:52,RegisterUnit(TacticalCards.UnitController)
FNDA:2,PlayerUnits()
FNDA:2,EnemyUnits()
FNDA:24,StartBattle()
FNDA:21,StartPlayerTurn()
FNDA:6,TryConsumeCardPlay()
FNDA:1,EndPlayerTurn()
FNDA:28,CheckBattleState()
FNDA:1,RunEnemyTurn()
FNDA:5,EndBattle(TacticalCards.TeamType, System.String)
FNDA:29,TurnManager()
FNF:24
FNH:24
BRF:0
BRH:0
DA:8,29
DA:14,29
DA:15,29
DA:17,70
DA:18,70
DA:19,91
DA:20,218
DA:21,65
DA:22,96
DA:25,29
DA:26,29
DA:27,29
DA:28,29
DA:29,29
DA:30,29
DA:31,29
DA:32,29
DA:33,29
DA:34,29
DA:35,29
DA:38,52
DA:39,52
DA:40,0
DA:41,0
DA:44,52
DA:45,28
DA:46,28
DA:47,28
DA:48,28
DA:49,28
DA:50,28
DA:51,24
DA:52,24
DA:53,24
DA:54,24
DA:55,52
DA:57,2
DA:58,2
DA:61,24
DA:62,24
DA:63,24
DA:64,24
DA:65,24
DA:67,24
DA:68,21
DA:69,21
DA:70,21
DA:71,24
DA:74,21
DA:75,21
DA:76,0
DA:77,0
DA:78,0
DA:79,0
DA:82,21
DA:83,21
DA:84,21
DA:85,21
DA:86,21
DA:89,6
DA:90,6
DA:91,4
DA:92,4
DA:95,2
DA:96,2
DA:97,6
DA:100,1
DA:101,1
DA:102,0
DA:103,0
DA:106,1
DA:107,1
DA:108,1
DA:109,0
DA:110,0
DA:111,0
DA:112,1
DA:115,28
DA:116,54
DA:117,54
DA:119,28
DA:120,1
DA:121,1
DA:124,27
DA:125,3
DA:126,3
DA:127,3
DA:130,24
DA:131,2
DA:132,2
DA:133,2
DA:136,22
DA:137,28
DA:140,1
DA:141,1
DA:142,0
DA:143,0
DA:146,1
DA:147,0
DA:148,0
DA:149,0
DA:152,1
DA:154,4
DA:155,1
DA:156,1
DA:157,0
DA:158,0
DA:161,1
DA:162,1
DA:163,0
DA:164,0
DA:167,1
DA:168,1
DA:169,1
DA:170,1
DA:171,1
DA:172,1
DA:173,1
DA:174,1
DA:175,1
DA:176,1
DA:179,0
DA:182,0
DA:183,0
DA:184,0
DA:185,0
DA:186,0
DA:187,0
DA:189,1
DA:190,1
DA:191,1
DA:194,0
DA:195,1
DA:198,5
DA:199,5
DA:200,5
DA:201,5
DA:202,5
DA:203,5
DA:204,5
DA:205,5
LH:113
LF:141
end_of_record
SF:F:/unity/Unity-Project-clean-init-wr3-coverage/coursework/Assets/Scripts/Units/UnitController.cs
FN:14,DisplayName()
FN:15,Team()
FN:16,MaxHp()
FN:17,CurrentHp()
FN:17,CurrentHp(System.Int32)
FN:18,AttackPower()
FN:19,MoveRange()
FN:20,IsGuarding()
FN:20,IsGuarding(System.Boolean)
FN:21,IsAlive()
FN:22,GridPosition()
FN:22,GridPosition(UnityEngine.Vector2Int)
FN:25,Awake()
FN:30,SetGridPosition(UnityEngine.Vector2Int, UnityEngine.Vector3)
FN:36,SetGuarding(System.Boolean)
FN:41,TakeDamage(System.Int32)
FN:53,Heal(System.Int32)
FN:7,UnitController()
FNDA:68,DisplayName()
FNDA:80,Team()
FNDA:4,MaxHp()
FNDA:222,CurrentHp()
FNDA:222,CurrentHp(System.Int32)
FNDA:1,AttackPower()
FNDA:0,MoveRange()
FNDA:24,IsGuarding()
FNDA:24,IsGuarding(System.Boolean)
FNDA:97,IsAlive()
FNDA:305,GridPosition()
FNDA:305,GridPosition(UnityEngine.Vector2Int)
FNDA:2,Awake()
FNDA:134,SetGridPosition(UnityEngine.Vector2Int, UnityEngine.Vector3)
FNDA:2,SetGuarding(System.Boolean)
FNDA:10,TakeDamage(System.Int32)
FNDA:1,Heal(System.Int32)
FNDA:78,UnitController()
FNF:18
FNH:17
BRF:0
BRH:0
DA:7,78
DA:8,78
DA:9,78
DA:10,78
DA:11,78
DA:12,78
DA:14,68
DA:15,80
DA:16,4
DA:17,222
DA:18,1
DA:19,0
DA:20,24
DA:21,97
DA:22,305
DA:25,2
DA:26,2
DA:27,2
DA:30,134
DA:31,134
DA:32,134
DA:33,134
DA:36,2
DA:37,2
DA:38,2
DA:41,10
DA:42,10
DA:43,10
DA:44,10
DA:46,10
DA:47,6
DA:48,6
DA:49,6
DA:50,10
DA:53,1
DA:54,1
DA:55,1
LH:36
LF:37
end_of_record
