<?xml version="1.0" encoding="utf-8"?>
<CoverageSession xmlns:xsd="http://www.w3.org/2001/XMLSchema" xmlns:xsi="http://www.w3.org/2001/XMLSchema-instance" Version="0.0.0.0">
  <Summary numSequencePoints="71" visitedSequencePoints="63" numBranchPoints="0" visitedBranchPoints="0" sequenceCoverage="88.73" branchCoverage="0.0" maxCyclomaticComplexity="4" minCyclomaticComplexity="1" maxCrapScore="4.41" minCrapScore="1" visitedClasses="2" numClasses="2" visitedMethods="9" numMethods="9" />
  <Modules>
    <Module>
      <Summary numSequencePoints="71" visitedSequencePoints="63" numBranchPoints="0" visitedBranchPoints="0" sequenceCoverage="88.73" branchCoverage="0.0" maxCyclomaticComplexity="4" minCyclomaticComplexity="1" maxCrapScore="4.41" minCrapScore="1" visitedClasses="2" numClasses="2" visitedMethods="9" numMethods="9" />
      <ModuleTime>0001-01-01T00:00:00</ModuleTime>
      <ModuleName>Assembly-CSharp</ModuleName>
      <Files>
        <File uid="1" fullPath="F:/unity/Unity-Project-clean-init-wr3-coverage/coursework/Assets/Scripts/Cards/CardData.cs" />
        <File uid="2" fullPath="F:/unity/Unity-Project-clean-init-wr3-coverage/coursework/Assets/Scripts/Cards/CardResolver.cs" />
        <File uid="3" fullPath="F:/unity/Unity-Project-clean-init-wr3-coverage/coursework/Assets/Scripts/Cards/DeckManager.cs" />
        <File uid="4" fullPath="F:/unity/Unity-Project-clean-init-wr3-coverage/coursework/Assets/Scripts/Core/GameRoot.cs" />
        <File uid="5" fullPath="F:/unity/Unity-Project-clean-init-wr3-coverage/coursework/Assets/Scripts/Core/TurnManager.cs" />
        <File uid="6" fullPath="F:/unity/Unity-Project-clean-init-wr3-coverage/coursework/Assets/Scripts/Grid/GridManager.cs" />
        <File uid="7" fullPath="F:/unity/Unity-Project-clean-init-wr3-coverage/coursework/Assets/Scripts/Grid/TileView.cs" />
        <File uid="8" fullPath="F:/unity/Unity-Project-clean-init-wr3-coverage/coursework/Assets/Scripts/UI/BattleUI.cs" />
        <File uid="9" fullPath="F:/unity/Unity-Project-clean-init-wr3-coverage/coursework/Assets/Scripts/UI/CardButtonView.cs" />
        <File uid="10" fullPath="F:/unity/Unity-Project-clean-init-wr3-coverage/coursework/Assets/Scripts/Units/EnemyAI.cs" />
        <File uid="11" fullPath="F:/unity/Unity-Project-clean-init-wr3-coverage/coursework/Assets/Scripts/Units/UnitController.cs" />
      </Files>
      <Classes>
        <Class>
          <Summary numSequencePoints="15" visitedSequencePoints="15" numBranchPoints="0" visitedBranchPoints="0" sequenceCoverage="100.0" branchCoverage="0.0" maxCyclomaticComplexity="1" minCyclomaticComplexity="1" maxCrapScore="1" minCrapScore="1" visitedClasses="1" numClasses="1" visitedMethods="2" numMethods="2" />
          <FullName>TacticalCards.CardData</FullName>
          <Methods>
            <Method visited="true" cyclomaticComplexity="1" nPathComplexity="0" sequenceCoverage="100.0" branchCoverage="0" crapScore="1" isConstructor="false" isStatic="true" isGetter="false" isSetter="false">
              <Summary numSequencePoints="12" visitedSequencePoints="12" numBranchPoints="0" visitedBranchPoints="0" sequenceCoverage="100.0" branchCoverage="0" maxCyclomaticComplexity="1" minCyclomaticComplexity="1" maxCrapScore="1" minCrapScore="1" visitedClasses="0" numClasses="0" visitedMethods="1" numMethods="1" />
              <MetadataToken>100663308</MetadataToken>
              <Name>static TacticalCards.CardData TacticalCards.CardData::CreateRuntime(System.String, System.String, TacticalCards.CardType, TacticalCards.TargetType, System.Int32, System.Int32, System.Int32, System.String)</Name>
              <FileRef uid="1" />
              <SequencePoints>
                <SequencePoint vc="3" uspid="35149" ordinal="0" offset="0" sl="35" sc="9" el="35" ec="9" bec="0" bev="0" fileid="1">
                  <TrackedMethodRefs>
                    <TrackedMethodRef uid="0" vc="3" />
                  </TrackedMethodRefs>
                </SequencePoint>
                <SequencePoint vc="3" uspid="35150" ordinal="0" offset="1" sl="36" sc="13" el="36" ec="13" bec="0" bev="0" fileid="1">
                  <TrackedMethodRefs>
                    <TrackedMethodRef uid="0" vc="3" />
                  </TrackedMethodRefs>
                </SequencePoint>
                <SequencePoint vc="3" uspid="35151" ordinal="0" offset="7" sl="37" sc="13" el="37" ec="13" bec="0" bev="0" fileid="1">
                  <TrackedMethodRefs>
                    <TrackedMethodRef uid="0" vc="3" />
                  </TrackedMethodRefs>
                </SequencePoint>
                <SequencePoint vc="3" uspid="35152" ordinal="0" offset="14" sl="38" sc="13" el="38" ec="13" bec="0" bev="0" fileid="1">
                  <TrackedMethodRefs>
                    <TrackedMethodRef uid="0" vc="3" />
                  </TrackedMethodRefs>
                </SequencePoint>
                <SequencePoint vc="3" uspid="35153" ordinal="0" offset="21" sl="39" sc="13" el="39" ec="13" bec="0" bev="0" fileid="1">
                  <TrackedMethodRefs>
                    <TrackedMethodRef uid="0" vc="3" />
                  </TrackedMethodRefs>
                </SequencePoint>
                <SequencePoint vc="3" uspid="35154" ordinal="0" offset="28" sl="40" sc="13" el="40" ec="13" bec="0" bev="0" fileid="1">
                  <TrackedMethodRefs>
                    <TrackedMethodRef uid="0" vc="3" />
                  </TrackedMethodRefs>
                </SequencePoint>
                <SequencePoint vc="3" uspid="35155" ordinal="0" offset="35" sl="41" sc="13" el="41" ec="13" bec="0" bev="0" fileid="1">
                  <TrackedMethodRefs>
                    <TrackedMethodRef uid="0" vc="3" />
                  </TrackedMethodRefs>
                </SequencePoint>
                <SequencePoint vc="3" uspid="35156" ordinal="0" offset="43" sl="42" sc="13" el="42" ec="13" bec="0" bev="0" fileid="1">
                  <TrackedMethodRefs>
                    <TrackedMethodRef uid="0" vc="3" />
                  </TrackedMethodRefs>
                </SequencePoint>
                <SequencePoint vc="3" uspid="35157" ordinal="0" offset="51" sl="43" sc="13" el="43" ec="13" bec="0" bev="0" fileid="1">
                  <TrackedMethodRefs>
                    <TrackedMethodRef uid="0" vc="3" />
                  </TrackedMethodRefs>
                </SequencePoint>
                <SequencePoint vc="3" uspid="35158" ordinal="0" offset="59" sl="44" sc="13" el="44" ec="13" bec="0" bev="0" fileid="1">
                  <TrackedMethodRefs>
                    <TrackedMethodRef uid="0" vc="3" />
                  </TrackedMethodRefs>
                </SequencePoint>
                <SequencePoint vc="3" uspid="35159" ordinal="0" offset="67" sl="45" sc="13" el="45" ec="13" bec="0" bev="0" fileid="1">
                  <TrackedMethodRefs>
                    <TrackedMethodRef uid="0" vc="3" />
                  </TrackedMethodRefs>
                </SequencePoint>
                <SequencePoint vc="3" uspid="35160" ordinal="0" offset="71" sl="46" sc="9" el="46" ec="9" bec="0" bev="0" fileid="1">
                  <TrackedMethodRefs>
                    <TrackedMethodRef uid="0" vc="3" />
                  </TrackedMethodRefs>
                </SequencePoint>
              </SequencePoints>
              <BranchPoints />
            </Method>
            <Method visited="true" cyclomaticComplexity="1" nPathComplexity="0" sequenceCoverage="100.0" branchCoverage="0" crapScore="1" isConstructor="true" isStatic="false" isGetter="false" isSetter="false">
              <Summary numSequencePoints="3" visitedSequencePoints="3" numBranchPoints="0" visitedBranchPoints="0" sequenceCoverage="100.0" branchCoverage="0" maxCyclomaticComplexity="1" minCyclomaticComplexity="1" maxCrapScore="1" minCrapScore="1" visitedClasses="0" numClasses="0" visitedMethods="1" numMethods="1" />
              <MetadataToken>100663309</MetadataToken>
              <Name>TacticalCards.CardData::CardData()</Name>
              <FileRef uid="1" />
              <SequencePoints>
                <SequencePoint vc="3" uspid="35161" ordinal="0" offset="0" sl="12" sc="26" el="12" ec="26" bec="0" bev="0" fileid="1">
                  <TrackedMethodRefs>
                    <TrackedMethodRef uid="0" vc="3" />
                  </TrackedMethodRefs>
                </SequencePoint>
                <SequencePoint vc="3" uspid="35162" ordinal="0" offset="7" sl="13" sc="26" el="13" ec="26" bec="0" bev="0" fileid="1">
                  <TrackedMethodRefs>
                    <TrackedMethodRef uid="0" vc="3" />
                  </TrackedMethodRefs>
                </SequencePoint>
                <SequencePoint vc="3" uspid="35163" ordinal="0" offset="14" sl="14" sc="26" el="14" ec="26" bec="0" bev="0" fileid="1">
                  <TrackedMethodRefs>
                    <TrackedMethodRef uid="0" vc="3" />
                  </TrackedMethodRefs>
                </SequencePoint>
              </SequencePoints>
              <BranchPoints />
            </Method>
          </Methods>
        </Class>
        <Class>
          <Summary numSequencePoints="56" visitedSequencePoints="48" numBranchPoints="0" visitedBranchPoints="0" sequenceCoverage="85.71" branchCoverage="0.0" maxCyclomaticComplexity="4" minCyclomaticComplexity="1" maxCrapScore="4.41" minCrapScore="1" visitedClasses="1" numClasses="1" visitedMethods="7" numMethods="7" />
          <FullName>TacticalCards.DeckManager</FullName>
          <Methods>
            <Method visited="true" cyclomaticComplexity="1" nPathComplexity="0" sequenceCoverage="100.0" branchCoverage="0" crapScore="1" isConstructor="false" isStatic="false" isGetter="true" isSetter="false">
              <Summary numSequencePoints="1" visitedSequencePoints="1" numBranchPoints="0" visitedBranchPoints="0" sequenceCoverage="100.0" branchCoverage="0" maxCyclomaticComplexity="1" minCyclomaticComplexity="1" maxCrapScore="1" minCrapScore="1" visitedClasses="0" numClasses="0" visitedMethods="1" numMethods="1" />
              <MetadataToken>100663319</MetadataToken>
              <Name>System.Collections.Generic.IReadOnlyList[CardData] TacticalCards.DeckManager::get_Hand()</Name>
              <FileRef uid="3" />
              <SequencePoints>
                <SequencePoint vc="1" uspid="35234" ordinal="0" offset="0" sl="15" sc="48" el="15" ec="48" bec="0" bev="0" fileid="3">
                  <TrackedMethodRefs>
                    <TrackedMethodRef uid="0" vc="1" />
                  </TrackedMethodRefs>
                </SequencePoint>
              </SequencePoints>
              <BranchPoints />
            </Method>
            <Method visited="true" cyclomaticComplexity="2" nPathComplexity="0" sequenceCoverage="76.92" branchCoverage="0" crapScore="2.05" isConstructor="false" isStatic="false" isGetter="false" isSetter="false">
              <Summary numSequencePoints="13" visitedSequencePoints="10" numBranchPoints="0" visitedBranchPoints="0" sequenceCoverage="76.92" branchCoverage="0" maxCyclomaticComplexity="2" minCyclomaticComplexity="2" maxCrapScore="2.05" minCrapScore="2.05" visitedClasses="0" numClasses="0" visitedMethods="1" numMethods="1" />
              <MetadataToken>100663322</MetadataToken>
              <Name>System.Void TacticalCards.DeckManager::ResetDeck()</Name>
              <FileRef uid="3" />
              <SequencePoints>
                <SequencePoint vc="1" uspid="35239" ordinal="0" offset="0" sl="24" sc="9" el="24" ec="9" bec="0" bev="0" fileid="3">
                  <TrackedMethodRefs>
                    <TrackedMethodRef uid="0" vc="1" />
                  </TrackedMethodRefs>
                </SequencePoint>
                <SequencePoint vc="1" uspid="35240" ordinal="0" offset="1" sl="25" sc="13" el="25" ec="13" bec="0" bev="0" fileid="3">
                  <TrackedMethodRefs>
                    <TrackedMethodRef uid="0" vc="1" />
                  </TrackedMethodRefs>
                </SequencePoint>
                <SequencePoint vc="1" uspid="35241" ordinal="0" offset="13" sl="26" sc="13" el="26" ec="13" bec="0" bev="0" fileid="3">
                  <TrackedMethodRefs>
                    <TrackedMethodRef uid="0" vc="1" />
                  </TrackedMethodRefs>
                </SequencePoint>
                <SequencePoint vc="1" uspid="35242" ordinal="0" offset="25" sl="27" sc="13" el="27" ec="13" bec="0" bev="0" fileid="3">
                  <TrackedMethodRefs>
                    <TrackedMethodRef uid="0" vc="1" />
                  </TrackedMethodRefs>
                </SequencePoint>
                <SequencePoint vc="1" uspid="35243" ordinal="0" offset="37" sl="28" sc="13" el="28" ec="13" bec="0" bev="0" fileid="3">
                  <TrackedMethodRefs>
                    <TrackedMethodRef uid="0" vc="1" />
                  </TrackedMethodRefs>
                </SequencePoint>
                <SequencePoint vc="0" uspid="35244" ordinal="0" offset="55" sl="29" sc="13" el="29" ec="13" bec="0" bev="0" fileid="3">
                  <TrackedMethodRefs>
                    <TrackedMethodRef uid="0" vc="0" />
                  </TrackedMethodRefs>
                </SequencePoint>
                <SequencePoint vc="0" uspid="35245" ordinal="0" offset="56" sl="30" sc="17" el="30" ec="17" bec="0" bev="0" fileid="3">
                  <TrackedMethodRefs>
                    <TrackedMethodRef uid="0" vc="0" />
                  </TrackedMethodRefs>
                </SequencePoint>
                <SequencePoint vc="0" uspid="35246" ordinal="0" offset="74" sl="31" sc="13" el="31" ec="13" bec="0" bev="0" fileid="3">
                  <TrackedMethodRefs>
                    <TrackedMethodRef uid="0" vc="0" />
                  </TrackedMethodRefs>
                </SequencePoint>
                <SequencePoint vc="1" uspid="35247" ordinal="0" offset="77" sl="33" sc="13" el="33" ec="13" bec="0" bev="0" fileid="3">
                  <TrackedMethodRefs>
                    <TrackedMethodRef uid="0" vc="1" />
                  </TrackedMethodRefs>
                </SequencePoint>
                <SequencePoint vc="1" uspid="35248" ordinal="0" offset="78" sl="34" sc="17" el="34" ec="17" bec="0" bev="0" fileid="3">
                  <TrackedMethodRefs>
                    <TrackedMethodRef uid="0" vc="1" />
                  </TrackedMethodRefs>
                </SequencePoint>
                <SequencePoint vc="1" uspid="35249" ordinal="0" offset="96" sl="35" sc="13" el="35" ec="13" bec="0" bev="0" fileid="3">
                  <TrackedMethodRefs>
                    <TrackedMethodRef uid="0" vc="1" />
                  </TrackedMethodRefs>
                </SequencePoint>
                <SequencePoint vc="1" uspid="35250" ordinal="0" offset="97" sl="37" sc="13" el="37" ec="13" bec="0" bev="0" fileid="3">
                  <TrackedMethodRefs>
                    <TrackedMethodRef uid="0" vc="1" />
                  </TrackedMethodRefs>
                </SequencePoint>
                <SequencePoint vc="1" uspid="35251" ordinal="0" offset="110" sl="38" sc="9" el="38" ec="9" bec="0" bev="0" fileid="3">
                  <TrackedMethodRefs>
                    <TrackedMethodRef uid="0" vc="1" />
                  </TrackedMethodRefs>
                </SequencePoint>
              </SequencePoints>
              <BranchPoints />
            </Method>
            <Method visited="true" cyclomaticComplexity="1" nPathComplexity="0" sequenceCoverage="100.0" branchCoverage="0" crapScore="1" isConstructor="false" isStatic="false" isGetter="false" isSetter="false">
              <Summary numSequencePoints="3" visitedSequencePoints="3" numBranchPoints="0" visitedBranchPoints="0" sequenceCoverage="100.0" branchCoverage="0" maxCyclomaticComplexity="1" minCyclomaticComplexity="1" maxCrapScore="1" minCrapScore="1" visitedClasses="0" numClasses="0" visitedMethods="1" numMethods="1" />
              <MetadataToken>100663323</MetadataToken>
              <Name>System.Void TacticalCards.DeckManager::DrawForTurn()</Name>
              <FileRef uid="3" />
              <SequencePoints>
                <SequencePoint vc="1" uspid="35252" ordinal="0" offset="0" sl="41" sc="9" el="41" ec="9" bec="0" bev="0" fileid="3">
                  <TrackedMethodRefs>
                    <TrackedMethodRef uid="0" vc="1" />
                  </TrackedMethodRefs>
                </SequencePoint>
                <SequencePoint vc="1" uspid="35253" ordinal="0" offset="1" sl="42" sc="13" el="42" ec="13" bec="0" bev="0" fileid="3">
                  <TrackedMethodRefs>
                    <TrackedMethodRef uid="0" vc="1" />
                  </TrackedMethodRefs>
                </SequencePoint>
                <SequencePoint vc="1" uspid="35254" ordinal="0" offset="14" sl="43" sc="9" el="43" ec="9" bec="0" bev="0" fileid="3">
                  <TrackedMethodRefs>
                    <TrackedMethodRef uid="0" vc="1" />
                  </TrackedMethodRefs>
                </SequencePoint>
              </SequencePoints>
              <BranchPoints />
            </Method>
            <Method visited="true" cyclomaticComplexity="4" nPathComplexity="0" sequenceCoverage="70.59" branchCoverage="0" crapScore="4.41" isConstructor="false" isStatic="false" isGetter="false" isSetter="false">
              <Summary numSequencePoints="17" visitedSequencePoints="12" numBranchPoints="0" visitedBranchPoints="0" sequenceCoverage="70.59" branchCoverage="0" maxCyclomaticComplexity="4" minCyclomaticComplexity="4" maxCrapScore="4.41" minCrapScore="4.41" visitedClasses="0" numClasses="0" visitedMethods="1" numMethods="1" />
              <MetadataToken>100663324</MetadataToken>
              <Name>System.Void TacticalCards.DeckManager::Draw(System.Int32)</Name>
              <FileRef uid="3" />
              <SequencePoints>
                <SequencePoint vc="1" uspid="35255" ordinal="0" offset="0" sl="46" sc="9" el="46" ec="9" bec="0" bev="0" fileid="3">
                  <TrackedMethodRefs>
                    <TrackedMethodRef uid="0" vc="1" />
                  </TrackedMethodRefs>
                </SequencePoint>
                <SequencePoint vc="1" uspid="35256" ordinal="0" offset="1" sl="47" sc="18" el="47" ec="18" bec="0" bev="0" fileid="3">
                  <TrackedMethodRefs>
                    <TrackedMethodRef uid="0" vc="1" />
                  </TrackedMethodRefs>
                </SequencePoint>
                <SequencePoint vc="2" uspid="35257" ordinal="0" offset="5" sl="48" sc="13" el="48" ec="13" bec="0" bev="0" fileid="3">
                  <TrackedMethodRefs>
                    <TrackedMethodRef uid="0" vc="2" />
                  </TrackedMethodRefs>
                </SequencePoint>
                <SequencePoint vc="2" uspid="35258" ordinal="0" offset="6" sl="49" sc="17" el="49" ec="17" bec="0" bev="0" fileid="3">
                  <TrackedMethodRefs>
                    <TrackedMethodRef uid="0" vc="2" />
                  </TrackedMethodRefs>
                </SequencePoint>
                <SequencePoint vc="0" uspid="35259" ordinal="0" offset="24" sl="50" sc="17" el="50" ec="17" bec="0" bev="0" fileid="3">
                  <TrackedMethodRefs>
                    <TrackedMethodRef uid="0" vc="0" />
                  </TrackedMethodRefs>
                </SequencePoint>
                <SequencePoint vc="0" uspid="35260" ordinal="0" offset="25" sl="51" sc="21" el="51" ec="21" bec="0" bev="0" fileid="3">
                  <TrackedMethodRefs>
                    <TrackedMethodRef uid="0" vc="0" />
                  </TrackedMethodRefs>
                </SequencePoint>
                <SequencePoint vc="0" uspid="35261" ordinal="0" offset="32" sl="52" sc="17" el="52" ec="17" bec="0" bev="0" fileid="3">
                  <TrackedMethodRefs>
                    <TrackedMethodRef uid="0" vc="0" />
                  </TrackedMethodRefs>
                </SequencePoint>
                <SequencePoint vc="2" uspid="35262" ordinal="0" offset="33" sl="54" sc="17" el="54" ec="17" bec="0" bev="0" fileid="3">
                  <TrackedMethodRefs>
                    <TrackedMethodRef uid="0" vc="2" />
                  </TrackedMethodRefs>
                </SequencePoint>
                <SequencePoint vc="0" uspid="35263" ordinal="0" offset="51" sl="55" sc="17" el="55" ec="17" bec="0" bev="0" fileid="3">
                  <TrackedMethodRefs>
                    <TrackedMethodRef uid="0" vc="0" />
                  </TrackedMethodRefs>
                </SequencePoint>
                <SequencePoint vc="0" uspid="35264" ordinal="0" offset="52" sl="56" sc="21" el="56" ec="21" bec="0" bev="0" fileid="3">
                  <TrackedMethodRefs>
                    <TrackedMethodRef uid="0" vc="0" />
                  </TrackedMethodRefs>
                </SequencePoint>
                <SequencePoint vc="2" uspid="35265" ordinal="0" offset="54" sl="59" sc="17" el="59" ec="17" bec="0" bev="0" fileid="3">
                  <TrackedMethodRefs>
                    <TrackedMethodRef uid="0" vc="2" />
                  </TrackedMethodRefs>
                </SequencePoint>
                <SequencePoint vc="2" uspid="35266" ordinal="0" offset="74" sl="60" sc="17" el="60" ec="17" bec="0" bev="0" fileid="3">
                  <TrackedMethodRefs>
                    <TrackedMethodRef uid="0" vc="2" />
                  </TrackedMethodRefs>
                </SequencePoint>
                <SequencePoint vc="2" uspid="35267" ordinal="0" offset="99" sl="61" sc="17" el="61" ec="17" bec="0" bev="0" fileid="3">
                  <TrackedMethodRefs>
                    <TrackedMethodRef uid="0" vc="2" />
                  </TrackedMethodRefs>
                </SequencePoint>
                <SequencePoint vc="2" uspid="35268" ordinal="0" offset="112" sl="62" sc="13" el="62" ec="13" bec="0" bev="0" fileid="3">
                  <TrackedMethodRefs>
                    <TrackedMethodRef uid="0" vc="2" />
                  </TrackedMethodRefs>
                </SequencePoint>
                <SequencePoint vc="2" uspid="35269" ordinal="0" offset="113" sl="47" sc="40" el="47" ec="40" bec="0" bev="0" fileid="3">
                  <TrackedMethodRefs>
                    <TrackedMethodRef uid="0" vc="2" />
                  </TrackedMethodRefs>
                </SequencePoint>
                <SequencePoint vc="3" uspid="35270" ordinal="0" offset="117" sl="47" sc="29" el="47" ec="29" bec="0" bev="0" fileid="3">
                  <TrackedMethodRefs>
                    <TrackedMethodRef uid="0" vc="3" />
                  </TrackedMethodRefs>
                </SequencePoint>
                <SequencePoint vc="1" uspid="35271" ordinal="0" offset="127" sl="63" sc="9" el="63" ec="9" bec="0" bev="0" fileid="3">
                  <TrackedMethodRefs>
                    <TrackedMethodRef uid="0" vc="1" />
                  </TrackedMethodRefs>
                </SequencePoint>
              </SequencePoints>
              <BranchPoints />
            </Method>
            <Method visited="true" cyclomaticComplexity="2" nPathComplexity="0" sequenceCoverage="100.0" branchCoverage="0" crapScore="2" isConstructor="false" isStatic="false" isGetter="false" isSetter="false">
              <Summary numSequencePoints="8" visitedSequencePoints="8" numBranchPoints="0" visitedBranchPoints="0" sequenceCoverage="100.0" branchCoverage="0" maxCyclomaticComplexity="2" minCyclomaticComplexity="2" maxCrapScore="2" minCrapScore="2" visitedClasses="0" numClasses="0" visitedMethods="1" numMethods="1" />
              <MetadataToken>100663326</MetadataToken>
              <Name>System.Void TacticalCards.DeckManager::DiscardHand()</Name>
              <FileRef uid="3" />
              <SequencePoints>
                <SequencePoint vc="1" uspid="35278" ordinal="0" offset="0" sl="74" sc="9" el="74" ec="9" bec="0" bev="0" fileid="3">
                  <TrackedMethodRefs>
                    <TrackedMethodRef uid="0" vc="1" />
                  </TrackedMethodRefs>
                </SequencePoint>
                <SequencePoint vc="2" uspid="35279" ordinal="0" offset="3" sl="76" sc="13" el="76" ec="13" bec="0" bev="0" fileid="3">
                  <TrackedMethodRefs>
                    <TrackedMethodRef uid="0" vc="2" />
                  </TrackedMethodRefs>
                </SequencePoint>
                <SequencePoint vc="2" uspid="35280" ordinal="0" offset="4" sl="77" sc="17" el="77" ec="17" bec="0" bev="0" fileid="3">
                  <TrackedMethodRefs>
                    <TrackedMethodRef uid="0" vc="2" />
                  </TrackedMethodRefs>
                </SequencePoint>
                <SequencePoint vc="2" uspid="35281" ordinal="0" offset="24" sl="78" sc="17" el="78" ec="17" bec="0" bev="0" fileid="3">
                  <TrackedMethodRefs>
                    <TrackedMethodRef uid="0" vc="2" />
                  </TrackedMethodRefs>
                </SequencePoint>
                <SequencePoint vc="2" uspid="35282" ordinal="0" offset="49" sl="79" sc="17" el="79" ec="17" bec="0" bev="0" fileid="3">
                  <TrackedMethodRefs>
                    <TrackedMethodRef uid="0" vc="2" />
                  </TrackedMethodRefs>
                </SequencePoint>
                <SequencePoint vc="2" uspid="35283" ordinal="0" offset="62" sl="80" sc="13" el="80" ec="13" bec="0" bev="0" fileid="3">
                  <TrackedMethodRefs>
                    <TrackedMethodRef uid="0" vc="2" />
                  </TrackedMethodRefs>
                </SequencePoint>
                <SequencePoint vc="3" uspid="35284" ordinal="0" offset="63" sl="75" sc="13" el="75" ec="13" bec="0" bev="0" fileid="3">
                  <TrackedMethodRefs>
                    <TrackedMethodRef uid="0" vc="3" />
                  </TrackedMethodRefs>
                </SequencePoint>
                <SequencePoint vc="1" uspid="35285" ordinal="0" offset="81" sl="81" sc="9" el="81" ec="9" bec="0" bev="0" fileid="3">
                  <TrackedMethodRefs>
                    <TrackedMethodRef uid="0" vc="1" />
                  </TrackedMethodRefs>
                </SequencePoint>
              </SequencePoints>
              <BranchPoints />
            </Method>
            <Method visited="true" cyclomaticComplexity="2" nPathComplexity="0" sequenceCoverage="100.0" branchCoverage="0" crapScore="2" isConstructor="false" isStatic="false" isGetter="false" isSetter="false">
              <Summary numSequencePoints="9" visitedSequencePoints="9" numBranchPoints="0" visitedBranchPoints="0" sequenceCoverage="100.0" branchCoverage="0" maxCyclomaticComplexity="2" minCyclomaticComplexity="2" maxCrapScore="2" minCrapScore="2" visitedClasses="0" numClasses="0" visitedMethods="1" numMethods="1" />
              <MetadataToken>100663328</MetadataToken>
              <Name>System.Void TacticalCards.DeckManager::Shuffle(System.Collections.Generic.List[CardData])</Name>
              <FileRef uid="3" />
              <SequencePoints>
                <SequencePoint vc="1" uspid="35294" ordinal="0" offset="0" sl="96" sc="9" el="96" ec="9" bec="0" bev="0" fileid="3">
                  <TrackedMethodRefs>
                    <TrackedMethodRef uid="0" vc="1" />
                  </TrackedMethodRefs>
                </SequencePoint>
                <SequencePoint vc="1" uspid="35295" ordinal="0" offset="1" sl="97" sc="18" el="97" ec="18" bec="0" bev="0" fileid="3">
                  <TrackedMethodRefs>
                    <TrackedMethodRef uid="0" vc="1" />
                  </TrackedMethodRefs>
                </SequencePoint>
                <SequencePoint vc="2" uspid="35296" ordinal="0" offset="12" sl="98" sc="13" el="98" ec="13" bec="0" bev="0" fileid="3">
                  <TrackedMethodRefs>
                    <TrackedMethodRef uid="0" vc="2" />
                  </TrackedMethodRefs>
                </SequencePoint>
                <SequencePoint vc="2" uspid="35297" ordinal="0" offset="13" sl="99" sc="17" el="99" ec="17" bec="0" bev="0" fileid="3">
                  <TrackedMethodRefs>
                    <TrackedMethodRef uid="0" vc="2" />
                  </TrackedMethodRefs>
                </SequencePoint>
                <SequencePoint vc="2" uspid="35298" ordinal="0" offset="23" sl="100" sc="17" el="100" ec="17" bec="0" bev="0" fileid="3">
                  <TrackedMethodRefs>
                    <TrackedMethodRef uid="0" vc="2" />
                  </TrackedMethodRefs>
                </SequencePoint>
                <SequencePoint vc="2" uspid="35299" ordinal="0" offset="75" sl="101" sc="13" el="101" ec="13" bec="0" bev="0" fileid="3">
                  <TrackedMethodRefs>
                    <TrackedMethodRef uid="0" vc="2" />
                  </TrackedMethodRefs>
                </SequencePoint>
                <SequencePoint vc="2" uspid="35300" ordinal="0" offset="76" sl="97" sc="50" el="97" ec="50" bec="0" bev="0" fileid="3">
                  <TrackedMethodRefs>
                    <TrackedMethodRef uid="0" vc="2" />
                  </TrackedMethodRefs>
                </SequencePoint>
                <SequencePoint vc="3" uspid="35301" ordinal="0" offset="80" sl="97" sc="43" el="97" ec="43" bec="0" bev="0" fileid="3">
                  <TrackedMethodRefs>
                    <TrackedMethodRef uid="0" vc="3" />
                  </TrackedMethodRefs>
                </SequencePoint>
                <SequencePoint vc="1" uspid="35302" ordinal="0" offset="90" sl="102" sc="9" el="102" ec="9" bec="0" bev="0" fileid="3">
                  <TrackedMethodRefs>
                    <TrackedMethodRef uid="0" vc="1" />
                  </TrackedMethodRefs>
                </SequencePoint>
              </SequencePoints>
              <BranchPoints />
            </Method>
            <Method visited="true" cyclomaticComplexity="1" nPathComplexity="0" sequenceCoverage="100.0" branchCoverage="0" crapScore="1" isConstructor="true" isStatic="false" isGetter="false" isSetter="false">
              <Summary numSequencePoints="5" visitedSequencePoints="5" numBranchPoints="0" visitedBranchPoints="0" sequenceCoverage="100.0" branchCoverage="0" maxCyclomaticComplexity="1" minCyclomaticComplexity="1" maxCrapScore="1" minCrapScore="1" visitedClasses="0" numClasses="0" visitedMethods="1" numMethods="1" />
              <MetadataToken>100663330</MetadataToken>
              <Name>TacticalCards.DeckManager::DeckManager()</Name>
              <FileRef uid="3" />
              <SequencePoints>
                <SequencePoint vc="1" uspid="35306" ordinal="0" offset="0" sl="8" sc="26" el="8" ec="26" bec="0" bev="0" fileid="3">
                  <TrackedMethodRefs>
                    <TrackedMethodRef uid="0" vc="1" />
                  </TrackedMethodRefs>
                </SequencePoint>
                <SequencePoint vc="1" uspid="35307" ordinal="0" offset="11" sl="9" sc="26" el="9" ec="26" bec="0" bev="0" fileid="3">
                  <TrackedMethodRefs>
                    <TrackedMethodRef uid="0" vc="1" />
                  </TrackedMethodRefs>
                </SequencePoint>
                <SequencePoint vc="1" uspid="35308" ordinal="0" offset="18" sl="11" sc="9" el="11" ec="9" bec="0" bev="0" fileid="3">
                  <TrackedMethodRefs>
                    <TrackedMethodRef uid="0" vc="1" />
                  </TrackedMethodRefs>
                </SequencePoint>
                <SequencePoint vc="1" uspid="35309" ordinal="0" offset="29" sl="12" sc="9" el="12" ec="9" bec="0" bev="0" fileid="3">
                  <TrackedMethodRefs>
                    <TrackedMethodRef uid="0" vc="1" />
                  </TrackedMethodRefs>
                </SequencePoint>
                <SequencePoint vc="1" uspid="35310" ordinal="0" offset="40" sl="13" sc="9" el="13" ec="9" bec="0" bev="0" fileid="3">
                  <TrackedMethodRefs>
                    <TrackedMethodRef uid="0" vc="1" />
                  </TrackedMethodRefs>
                </SequencePoint>
              </SequencePoints>
              <BranchPoints />
            </Method>
          </Methods>
        </Class>
      </Classes>
      <TrackedMethods>
        <TrackedMethod uid="0" token="100663349" name="System.Void TacticalCards.Tests.Editor.DeckManagerTests::DiscardHand_MovesAllCardsToDiscardPile()" strategy="Test" />
      </TrackedMethods>
    </Module>
  </Modules>
</CoverageSession>